[debug] [2025-06-04T07:12:04.121Z] ----------------------------------------------------------------------
[debug] [2025-06-04T07:12:04.124Z] Command:       C:\Program Files\nodejs\node.exe C:\Users\ASUS\AppData\Roaming\npm\node_modules\firebase-tools\lib\bin\firebase.js init hosting
[debug] [2025-06-04T07:12:04.131Z] CLI Version:   14.5.1
[debug] [2025-06-04T07:12:04.131Z] Platform:      win32
[debug] [2025-06-04T07:12:04.132Z] Node Version:  v22.16.0
[debug] [2025-06-04T07:12:04.132Z] Time:          Wed Jun 04 2025 12:57:04 GMT+0545 (Nepal Time)
[debug] [2025-06-04T07:12:04.132Z] ----------------------------------------------------------------------
[debug] 
[debug] [2025-06-04T07:12:04.140Z] > command requires scopes: ["email","openid","https://www.googleapis.com/auth/cloudplatformprojects.readonly","https://www.googleapis.com/auth/firebase","https://www.googleapis.com/auth/cloud-platform"]
[debug] [2025-06-04T07:12:04.140Z] > authorizing via signed-in user (sonupoudel8666@gmail.com)
[info] 
     ######## #### ########  ######## ########     ###     ######  ########
     ##        ##  ##     ## ##       ##     ##  ##   ##  ##       ##
     ######    ##  ########  ######   ########  #########  ######  ######
     ##        ##  ##    ##  ##       ##     ## ##     ##       ## ##
     ##       #### ##     ## ######## ########  ##     ##  ######  ########

You're about to initialize a Firebase project in this directory:

  C:\Users\ASUS\Desktop\Git project\Fire-base\firebase-auth-demo

[info] 
=== Project Setup
[info] 
[info] First, let's associate this project directory with a Firebase project.
[info] You can create multiple project aliases by running firebase use --add, 
[info] but for now we'll just set up a default project.
[info] 
[debug] [2025-06-04T07:13:01.718Z] Checked if tokens are valid: true, expires at: 1749024639709
[debug] [2025-06-04T07:13:01.718Z] Checked if tokens are valid: true, expires at: 1749024639709
[debug] [2025-06-04T07:13:01.719Z] >>> [apiv2][query] GET https://firebase.googleapis.com/v1beta1/projects pageSize=100
[debug] [2025-06-04T07:13:02.421Z] <<< [apiv2][status] GET https://firebase.googleapis.com/v1beta1/projects 200
[debug] [2025-06-04T07:13:02.421Z] <<< [apiv2][body] GET https://firebase.googleapis.com/v1beta1/projects [omitted]
[info] i  Using project userauthentication-eb4bb (UserAuthentication) 
[info] 
=== Hosting Setup
[debug] [2025-06-04T07:13:10.505Z] Checked if tokens are valid: true, expires at: 1749024639709
[debug] [2025-06-04T07:13:10.505Z] Checked if tokens are valid: true, expires at: 1749024639709
[debug] [2025-06-04T07:13:10.505Z] >>> [apiv2][query] GET https://firebase.googleapis.com/v1beta1/projects/userauthentication-eb4bb [none]
[debug] [2025-06-04T07:13:11.072Z] <<< [apiv2][status] GET https://firebase.googleapis.com/v1beta1/projects/userauthentication-eb4bb 200
[debug] [2025-06-04T07:13:11.072Z] <<< [apiv2][body] GET https://firebase.googleapis.com/v1beta1/projects/userauthentication-eb4bb {"projectId":"userauthentication-eb4bb","projectNumber":"853966931341","displayName":"UserAuthentication","name":"projects/userauthentication-eb4bb","resources":{"hostingSite":"userauthentication-eb4bb"},"state":"ACTIVE","etag":"1_2b5ba9e4-9a90-4b7f-a1b1-f889683f7061"}
[info] 
[info] Your public directory is the folder (relative to your project directory) that
[info] will contain Hosting assets to be uploaded with firebase deploy. If you
[info] have a build process for your assets, use your build's output directory.
[info] 
[debug] [2025-06-04T07:13:30.220Z] >>> [apiv2][query] GET https://www.gstatic.com/firebasejs/releases.json [none]
[debug] [2025-06-04T07:13:30.314Z] <<< [apiv2][status] GET https://www.gstatic.com/firebasejs/releases.json 200
[debug] [2025-06-04T07:13:30.315Z] <<< [apiv2][body] GET https://www.gstatic.com/firebasejs/releases.json {"current":{"version":"11.8.1","browserURL":"https://www.gstatic.com/firebasejs/11.8.1/firebase.js","packageURL":"https://www.gstatic.com/firebasejs/11.8.1/firebase.tgz"},"live":{"version":"11.8","browserURL":"https://www.gstatic.com/firebasejs/live/11.8/firebase.js","packageURL":"https://www.gstatic.com/firebasejs/live/11.8/firebase.tgz"},"components":{"ai":"https://www.gstatic.com/firebasejs/11.8.1/firebase-ai.js","analytics":"https://www.gstatic.com/firebasejs/11.8.1/firebase-analytics.js","app":"https://www.gstatic.com/firebasejs/11.8.1/firebase-app.js","app-check":"https://www.gstatic.com/firebasejs/11.8.1/firebase-app-check.js","auth":"https://www.gstatic.com/firebasejs/11.8.1/firebase-auth.js","auth/cordova":"https://www.gstatic.com/firebasejs/11.8.1/firebase-auth/cordova.js","auth/web-extension":"https://www.gstatic.com/firebasejs/11.8.1/firebase-auth/web-extension.js","functions":"https://www.gstatic.com/firebasejs/11.8.1/firebase-functions.js","firestore":"https://www.gstatic.com/firebasejs/11.8.1/firebase-firestore.js","firestore/lite":"https://www.gstatic.com/firebasejs/11.8.1/firebase-firestore/lite.js","installations":"https://www.gstatic.com/firebasejs/11.8.1/firebase-installations.js","storage":"https://www.gstatic.com/firebasejs/11.8.1/firebase-storage.js","performance":"https://www.gstatic.com/firebasejs/11.8.1/firebase-performance.js","remote-config":"https://www.gstatic.com/firebasejs/11.8.1/firebase-remote-config.js","messaging":"https://www.gstatic.com/firebasejs/11.8.1/firebase-messaging.js","messaging/sw":"https://www.gstatic.com/firebasejs/11.8.1/firebase-messaging/sw.js","database":"https://www.gstatic.com/firebasejs/11.8.1/firebase-database.js","vertexai":"https://www.gstatic.com/firebasejs/11.8.1/firebase-vertexai.js","data-connect":"https://www.gstatic.com/firebasejs/11.8.1/firebase-data-connect.js","firestore.memory":"https://www.gstatic.com/firebasejs/11.8.1/firebase-firestore.memory.js"}}
[info] +  Wrote yes/index.html 
[info] 
[info] i  Didn't detect a .git folder. Assuming C:\Users\ASUS\Desktop\Git project\Fire-base\firebase-auth-demo is the project root. 
[info] i  Authorizing with GitHub to upload your service account to a GitHub repository's secrets store. 
[info] 
[info] Visit this URL on this device to log in:
[info] https://github.com/login/oauth/authorize?client_id=89cf50f02ac6aaed3484&state=904424392&redirect_uri=http%3A%2F%2Flocalhost%3A9005&scope=read%3Auser%20repo%20public_repo
[info] 
[info] Waiting for authentication...
